<?xml version="1.0" encoding="UTF-8"?>
<!-- Generated by org.testng.reporters.JUnitReportReporter -->
<testsuite skipped="0" hostname="imransk-PC" name="testCases.TestCase_AmazonVsFlipkart" tests="1" failures="0" timestamp="21 Dec 2019 05:58:13 GMT" time="31.032" errors="0">
  <testcase name="PriceAnalysis" time="31.032" classname="testCases.TestCase_AmazonVsFlipkart"/>
</testsuite> <!-- testCases.TestCase_AmazonVsFlipkart -->
