<?xml version="1.0" encoding="UTF-8"?>
<!-- Generated by org.testng.reporters.JUnitReportReporter -->
<testsuite skipped="0" hostname="imransk-PC" name="testCases.TestCase_ClubMahindra" tests="1" failures="0" timestamp="21 Dec 2019 07:51:22 GMT" time="53.129" errors="0">
  <testcase name="PriceAnalysis" time="53.129" classname="testCases.TestCase_ClubMahindra"/>
</testsuite> <!-- testCases.TestCase_ClubMahindra -->
